# JRE version: OpenJDK Runtime Environment Temurin-21.0.3+9 (21.0.3+9) (build 21.0.3+9-LTS)
# Java VM: OpenJDK 64-Bit Server VM Temurin-21.0.3+9 (21.0.3+9-LTS, mixed mode, tiered, compressed oops, compressed class ptrs, g1 gc, bsd-aarch64)
GC Precious Log:
 CardTable entry size: 512
 Card Set container configuration: InlinePtr #cards 4 size 8 Array Of Cards #cards 16 size 48 Howl #buckets 8 coarsen threshold 3686 Howl Bitmap #cards 512 size 80 coarsen threshold 460 Card regions per heap region 1 cards per card region 4096
 CPUs: 8 total, 8 available
 Memory: 16384M
 Large Page Support: Disabled
 NUMA Support: Disabled
 Compressed Oops: Enabled (Zero based)
 Heap Region Size: 2M
 Heap Min Capacity: 8M
 Heap Initial Capacity: 256M
 Heap Max Capacity: 4G
 Pre-touch: Disabled
 Parallel Workers: 8
 Concurrent Workers: 2
 Concurrent Refinement Workers: 8
 Periodic GC: Disabled
Heap:
 garbage-first heap   total 360448K, used 280671K [0x0000000700000000, 0x0000000800000000)
  region size 2048K, 59 young (120832K), 9 survivors (18432K)
 Metaspace       used 67085K, committed 68480K, reserved 1114112K
  class space    used 8571K, committed 9152K, reserved 1048576K
GC Heap History (20 events):
Event: 2.245 GC heap before
{Heap before GC invocations=9 (full 0):
 garbage-first heap   total 245760K, used 216030K [0x0000000700000000, 0x0000000800000000)
  region size 2048K, 55 young (112640K), 5 survivors (10240K)
 Metaspace       used 32720K, committed 33216K, reserved 1114112K
  class space    used 3357K, committed 3584K, reserved 1048576K
}
Event: 2.249 GC heap after
{Heap after GC invocations=10 (full 0):
 garbage-first heap   total 294912K, used 105903K [0x0000000700000000, 0x0000000800000000)
  region size 2048K, 5 young (10240K), 5 survivors (10240K)
 Metaspace       used 32720K, committed 33216K, reserved 1114112K
  class space    used 3357K, committed 3584K, reserved 1048576K
}
Event: 2.345 GC heap before
{Heap before GC invocations=10 (full 0):
 garbage-first heap   total 294912K, used 134575K [0x0000000700000000, 0x0000000800000000)
  region size 2048K, 20 young (40960K), 5 survivors (10240K)
 Metaspace       used 35867K, committed 36480K, reserved 1114112K
  class space    used 3778K, committed 4096K, reserved 1048576K
}
Event: 2.348 GC heap after
{Heap after GC invocations=11 (full 0):
 garbage-first heap   total 294912K, used 106494K [0x0000000700000000, 0x0000000800000000)
  region size 2048K, 5 young (10240K), 5 survivors (10240K)
 Metaspace       used 35867K, committed 36480K, reserved 1114112K
  class space    used 3778K, committed 4096K, reserved 1048576K
}
Event: 2.545 GC heap before
{Heap before GC invocations=12 (full 0):
 garbage-first heap   total 294912K, used 233470K [0x0000000700000000, 0x0000000800000000)
  region size 2048K, 70 young (143360K), 5 survivors (10240K)
 Metaspace       used 40522K, committed 41536K, reserved 1114112K
  class space    used 4381K, committed 4800K, reserved 1048576K
}
Event: 2.551 GC heap after
{Heap after GC invocations=13 (full 0):
 garbage-first heap   total 294912K, used 112600K [0x0000000700000000, 0x0000000800000000)
  region size 2048K, 9 young (18432K), 9 survivors (18432K)
 Metaspace       used 40522K, committed 41536K, reserved 1114112K
  class space    used 4381K, committed 4800K, reserved 1048576K
}
Event: 2.739 GC heap before
{Heap before GC invocations=13 (full 0):
 garbage-first heap   total 294912K, used 245720K [0x0000000700000000, 0x0000000800000000)
  region size 2048K, 73 young (149504K), 9 survivors (18432K)
 Metaspace       used 44244K, committed 45376K, reserved 1114112K
  class space    used 4834K, committed 5312K, reserved 1048576K
}
Event: 2.745 GC heap after
{Heap after GC invocations=14 (full 0):
 garbage-first heap   total 294912K, used 114114K [0x0000000700000000, 0x0000000800000000)
  region size 2048K, 7 young (14336K), 7 survivors (14336K)
 Metaspace       used 44244K, committed 45376K, reserved 1114112K
  class space    used 4834K, committed 5312K, reserved 1048576K
}
Event: 2.960 GC heap before
{Heap before GC invocations=14 (full 0):
 garbage-first heap   total 294912K, used 261570K [0x0000000700000000, 0x0000000800000000)
  region size 2048K, 73 young (149504K), 7 survivors (14336K)
 Metaspace       used 45306K, committed 46464K, reserved 1114112K
  class space    used 4971K, committed 5504K, reserved 1048576K
}
Event: 2.964 GC heap after
{Heap after GC invocations=15 (full 0):
 garbage-first heap   total 294912K, used 128054K [0x0000000700000000, 0x0000000800000000)
  region size 2048K, 3 young (6144K), 3 survivors (6144K)
 Metaspace       used 45306K, committed 46464K, reserved 1114112K
  class space    used 4971K, committed 5504K, reserved 1048576K
}
Event: 3.134 GC heap before
{Heap before GC invocations=15 (full 0):
 garbage-first heap   total 294912K, used 259126K [0x0000000700000000, 0x0000000800000000)
  region size 2048K, 67 young (137216K), 3 survivors (6144K)
 Metaspace       used 45349K, committed 46528K, reserved 1114112K
  class space    used 4981K, committed 5504K, reserved 1048576K
}
Event: 3.136 GC heap after
{Heap after GC invocations=16 (full 0):
 garbage-first heap   total 360448K, used 128366K [0x0000000700000000, 0x0000000800000000)
  region size 2048K, 3 young (6144K), 3 survivors (6144K)
 Metaspace       used 45349K, committed 46528K, reserved 1114112K
  class space    used 4981K, committed 5504K, reserved 1048576K
}
Event: 3.358 GC heap before
{Heap before GC invocations=16 (full 0):
 garbage-first heap   total 360448K, used 306542K [0x0000000700000000, 0x0000000800000000)
  region size 2048K, 90 young (184320K), 3 survivors (6144K)
 Metaspace       used 48552K, committed 49856K, reserved 1114112K
  class space    used 5305K, committed 5888K, reserved 1048576K
}
Event: 3.361 GC heap after
{Heap after GC invocations=17 (full 0):
 garbage-first heap   total 360448K, used 132895K [0x0000000700000000, 0x0000000800000000)
  region size 2048K, 5 young (10240K), 5 survivors (10240K)
 Metaspace       used 48552K, committed 49856K, reserved 1114112K
  class space    used 5305K, committed 5888K, reserved 1048576K
}
Event: 3.820 GC heap before
{Heap before GC invocations=17 (full 0):
 garbage-first heap   total 360448K, used 327455K [0x0000000700000000, 0x0000000800000000)
  region size 2048K, 100 young (204800K), 5 survivors (10240K)
 Metaspace       used 55291K, committed 56640K, reserved 1114112K
  class space    used 6389K, committed 6976K, reserved 1048576K
}
Event: 3.825 GC heap after
{Heap after GC invocations=18 (full 0):
 garbage-first heap   total 360448K, used 140280K [0x0000000700000000, 0x0000000800000000)
  region size 2048K, 9 young (18432K), 9 survivors (18432K)
 Metaspace       used 55291K, committed 56640K, reserved 1114112K
  class space    used 6389K, committed 6976K, reserved 1048576K
}
Event: 4.138 GC heap before
{Heap before GC invocations=18 (full 0):
 garbage-first heap   total 360448K, used 318456K [0x0000000700000000, 0x0000000800000000)
  region size 2048K, 96 young (196608K), 9 survivors (18432K)
 Metaspace       used 58032K, committed 59392K, reserved 1114112K
  class space    used 6928K, committed 7488K, reserved 1048576K
}
Event: 4.151 GC heap after
{Heap after GC invocations=19 (full 0):
 garbage-first heap   total 360448K, used 162125K [0x0000000700000000, 0x0000000800000000)
  region size 2048K, 12 young (24576K), 12 survivors (24576K)
 Metaspace       used 58032K, committed 59392K, reserved 1114112K
  class space    used 6928K, committed 7488K, reserved 1048576K
}
Event: 4.438 GC heap before
{Heap before GC invocations=19 (full 0):
 garbage-first heap   total 360448K, used 305485K [0x0000000700000000, 0x0000000800000000)
  region size 2048K, 83 young (169984K), 12 survivors (24576K)
 Metaspace       used 61365K, committed 62720K, reserved 1114112K
  class space    used 7598K, committed 8192K, reserved 1048576K
}
Event: 4.451 GC heap after
{Heap after GC invocations=20 (full 0):
 garbage-first heap   total 360448K, used 182367K [0x0000000700000000, 0x0000000800000000)
  region size 2048K, 9 young (18432K), 9 survivors (18432K)
 Metaspace       used 61365K, committed 62720K, reserved 1114112K
  class space    used 7598K, committed 8192K, reserved 1048576K
}

